<?xml version="1.0" encoding="UTF-8"?>
<testsuite xmlns:xsi="http://www.w3.org/2001/XMLSchema-instance" xsi:noNamespaceSchemaLocation="https://maven.apache.org/surefire/maven-surefire-plugin/xsd/surefire-test-report.xsd" name="TestSuite" time="8.095" tests="10" errors="0" skipped="1" failures="2">
  <properties>
[...]
</properties>
  <testcase name="checkMapNotNull" classname="testcase.TestDemo" time="1.047"/>
  <testcase name="test" classname="testcase.TestDemo" time="0.002"/>
  <testcase name="test" classname="testcase.TestDemo" time="0.001"/>
  <testcase name="test" classname="testcase.TestDemo" time="0.001"/>
  <testcase name="test1" classname="testcase.TestDemo" time="0.017">
    <failure message="expected [2] but found [1]" type="java.lang.AssertionError">java.lang.AssertionError: expected [2] but found [1]
	at testcase.TestDemo.test1(TestDemo.java:21)
</failure>
    <system-out><![CDATA[test1 Begin!
]]></system-out>
  </testcase>
  <testcase name="testHttpGet" classname="testcase.TestDemo" time="0.594"/>
  <testcase name="testHttpPost" classname="testcase.TestDemo" time="0.054"/>
  <testcase name="testHttpPostMap" classname="testcase.TestDemo" time="0.045"/>
  <testcase name="testTimeOut" classname="testcase.TestDemo" time="2.97">
    <failure message="Method testcase.TestDemo.testTimeOut() didn&apos;t finish within the time-out 3000" type="org.testng.internal.thread.ThreadTimeoutException">org.testng.internal.thread.ThreadTimeoutException: Method testcase.TestDemo.testTimeOut() didn't finish within the time-out 3000
	at app//testcase.TestDemo.testTimeOut(TestDemo.java:132)
</failure>
    <system-out><![CDATA[java.lang.InterruptedException: sleep interrupted
]]></system-out>
  </testcase>
  <testcase name="testFileUtils" classname="testcase.TestFileUtil" time="0">
    <skipped message="Method TestFileUtil.testFileUtils()[pri:0, instance:testcase.TestFileUtil@7f34a967] depends on not successfully finished methods in group &quot;TestDemo&quot;"/>
  </testcase>
</testsuite>