<?xml version="1.0" encoding="UTF-8"?>
<!-- Generated by org.testng.reporters.JUnitReportReporter -->
<testsuite ignored="1" hostname="SZ-00343555-01" failures="0" tests="1" name="testcase.TestEmail" time="0.074" errors="0" timestamp="12 8月 2022 02:51:20 GMT" skipped="0">
  <testcase classname="testcase.TestEmail" name="testSendMail" time="0.074"/>
  <testcase classname="testcase.TestDemo" name="testOkHttpGet">
    <skipped/>
  </testcase> <!-- testOkHttpGet -->
</testsuite> <!-- testcase.TestEmail -->
